2021-11-22 17:40:57,375 Identified {len(files)} files, sorted by date:
2021-11-22 17:40:57,375 	NYL_FieldAgent_20210129.csv
2021-11-22 17:40:57,375 	NYL_FieldAgent_20210205.csv
2021-11-22 17:40:57,375 	NYL_FieldAgent_20210212.csv
2021-11-22 17:40:57,376 	NYL_FieldAgent_20210219.csv
2021-11-22 17:40:57,410 Both files are within acceptable length difference (2091 lines vs 2102 lines).
2021-11-22 17:40:57,410 File has not yet been processed, according to NYL.lst. Appending to list.
2021-11-22 17:40:57,411 Validating Agency Phone Numbers.
2021-11-22 17:40:57,412 Identified 2091 valid phone numbers.
2021-11-22 17:40:57,412 Validating Agent Phone Numbers.
2021-11-22 17:40:57,414 Identified 1810 valid phone numbers.
2021-11-22 17:40:57,414 Validating Agent States.
2021-11-22 17:40:57,415 Identified 2091 valid states.
2021-11-22 17:40:57,415 Validating email addresses.
2021-11-22 17:40:57,415 Warning, detected unusual email address: jmfield@eaglestrategies.com
2021-11-22 17:40:57,416 Identified 2090 valid email addresses.
2021-11-22 17:40:57,416 Printing file info to console.
2021-11-22 17:40:57,443 Creating dataframe for agents grouped by state
2021-11-22 17:40:57,444 Creating dataframe for only agent names, contract dates and A20 dates.
2021-11-22 17:40:57,449 Creating histogram
